<?xml version="1.0" encoding="UTF-8"?>
<!-- Generated by org.testng.reporters.JUnitReportReporter -->
<testsuite hostname="Vamshi" failures="0" tests="5" name="trelloTest.TrelloTest" time="25.944" errors="0" timestamp="2023-05-15T22:29:00 IST" skipped="0">
  <testcase classname="trelloTest.TrelloTest" name="login" time="16.372"/>
  <system-out/>
  <testcase classname="trelloTest.TrelloTest" name="createBoard" time="3.740"/>
  <system-out/>
  <testcase classname="trelloTest.TrelloTest" name="createList" time="2.752"/>
  <system-out/>
  <testcase classname="trelloTest.TrelloTest" name="addCardInListAandDragAndDrpinListB" time="1.480"/>
  <system-out/>
  <testcase classname="trelloTest.TrelloTest" name="logout" time="1.600"/>
  <system-out/>
</testsuite> <!-- trelloTest.TrelloTest -->
